<?xml version="1.0" encoding="UTF-8"?>
<testng-results total="1" passed="1" failed="0" skipped="0">
  <reporter-output>
  </reporter-output>
  <suite started-at="2024-05-20T04:37:44Z" name="Default suite" finished-at="2024-05-20T04:38:28Z" duration-ms="44084">
    <groups>
    </groups>
    <test started-at="2024-05-20T04:37:44Z" name="Default test" finished-at="2024-05-20T04:38:28Z" duration-ms="44084">
      <class name="ikame.docxreader.testsuite.TS_01_DocxReader_CheckAllLink_Language">
        <test-method is-config="true" signature="init()[pri:0, instance:ikame.docxreader.testsuite.TS_01_DocxReader_CheckAllLink_Language@2631f68c]" started-at="2024-05-20T11:37:44Z" name="init" finished-at="2024-05-20T11:37:58Z" duration-ms="14503" status="PASS">
          <reporter-output>
          </reporter-output>
        </test-method> <!-- init -->
        <test-method signature="TC_011_CheckAllLink_Language_Nga()[pri:0, instance:ikame.docxreader.testsuite.TS_01_DocxReader_CheckAllLink_Language@2631f68c]" started-at="2024-05-20T11:37:58Z" name="TC_011_CheckAllLink_Language_Nga" finished-at="2024-05-20T11:38:27Z" duration-ms="29078" status="PASS">
          <reporter-output>
          </reporter-output>
        </test-method> <!-- TC_011_CheckAllLink_Language_Nga -->
        <test-method is-config="true" signature="after()[pri:0, instance:ikame.docxreader.testsuite.TS_01_DocxReader_CheckAllLink_Language@2631f68c]" started-at="2024-05-20T11:38:27Z" name="after" finished-at="2024-05-20T11:38:28Z" duration-ms="494" status="PASS">
          <reporter-output>
          </reporter-output>
        </test-method> <!-- after -->
      </class> <!-- ikame.docxreader.testsuite.TS_01_DocxReader_CheckAllLink_Language -->
    </test> <!-- Default test -->
  </suite> <!-- Default suite -->
</testng-results>
